<?xml version="1.0" encoding="UTF-8"?>
<!-- Generated by org.testng.reporters.JUnitReportReporter -->
<testsuite hostname="DESKTOP-2BSC6FJ" failures="0" tests="1" name="Testcases.Testcase_7" time="10.884" errors="0" timestamp="2023-09-08T00:20:03 IST" skipped="0">
  <testcase classname="Testcases.Testcase_7" name="testcase7" time="10.884"/>
</testsuite> <!-- Testcases.Testcase_7 -->
