<?xml version="1.0" encoding="UTF-8"?>
<!-- Generated by org.testng.reporters.JUnitReportReporter -->
<testsuite hostname="DESKTOP-2BSC6FJ" failures="0" tests="1" name="com.simplilearn.TestingAirlinesTravelApplication.LoginPage" time="6.383" errors="0" timestamp="2023-09-07T11:46:49 IST" skipped="0">
  <testcase classname="com.simplilearn.TestingAirlinesTravelApplication.LoginPage" name="homepage" time="6.383"/>
</testsuite> <!-- com.simplilearn.TestingAirlinesTravelApplication.LoginPage -->
