<?xml version="1.0" encoding="UTF-8"?>
<!-- Generated by org.testng.reporters.JUnitReportReporter -->
<testsuite hostname="DESKTOP-2BSC6FJ" failures="0" tests="1" name="com.simplilearn.TestingAirlinesTravelApplication.MyBookings" time="6.075" errors="0" timestamp="2023-09-07T14:48:38 IST" skipped="0">
  <testcase classname="com.simplilearn.TestingAirlinesTravelApplication.MyBookings" name="mybookings" time="6.075"/>
</testsuite> <!-- com.simplilearn.TestingAirlinesTravelApplication.MyBookings -->
