<?xml version="1.0" encoding="UTF-8"?>
<!-- Generated by org.testng.reporters.JUnitReportReporter -->
<testsuite hostname="DESKTOP-2BSC6FJ" failures="0" tests="1" name="restAssured.FlightChecking" time="2.050" errors="0" timestamp="2023-09-09T16:04:37 IST" skipped="0">
  <testcase classname="restAssured.FlightChecking" name="checkflights" time="2.050"/>
</testsuite> <!-- restAssured.FlightChecking -->
