<?xml version="1.0" encoding="UTF-8"?>
<!-- Generated by org.testng.reporters.JUnitReportReporter -->
<testsuite hostname="DESKTOP-2BSC6FJ" failures="0" tests="1" name="Testcases.Testcase_2" time="5.288" errors="0" timestamp="2023-09-07T15:03:37 IST" skipped="0">
  <testcase classname="Testcases.Testcase_2" name="signup" time="5.288"/>
</testsuite> <!-- Testcases.Testcase_2 -->
