<?xml version="1.0" encoding="UTF-8"?>
<!-- Generated by org.testng.reporters.JUnitReportReporter -->
<testsuite hostname="DESKTOP-2BSC6FJ" failures="0" tests="1" name="Testcases.Testcase_5" time="7.712" errors="0" timestamp="2023-09-07T18:00:52 IST" skipped="0">
  <testcase classname="Testcases.Testcase_5" name="testcase5" time="7.712"/>
</testsuite> <!-- Testcases.Testcase_5 -->
