<?xml version="1.0" encoding="UTF-8"?>
<!-- Generated by org.testng.reporters.JUnitReportReporter -->
<testsuite hostname="DESKTOP-2BSC6FJ" failures="0" tests="1" name="Testcases.Testcase_6" time="10.235" errors="0" timestamp="2023-09-08T00:16:39 IST" skipped="0">
  <testcase classname="Testcases.Testcase_6" name="testcase6" time="10.235"/>
</testsuite> <!-- Testcases.Testcase_6 -->
