<?xml version="1.0" encoding="UTF-8"?>
<!-- Generated by org.testng.reporters.JUnitReportReporter -->
<testsuite hostname="DESKTOP-2BSC6FJ" failures="0" tests="1" name="restAssured.BookingConfirmation" time="2.619" errors="0" timestamp="2023-09-09T16:08:02 IST" skipped="0">
  <testcase classname="restAssured.BookingConfirmation" name="confirmbooking" time="2.619"/>
</testsuite> <!-- restAssured.BookingConfirmation -->
