<?xml version="1.0" encoding="UTF-8"?>
<!-- Generated by org.testng.reporters.JUnitReportReporter -->
<testsuite hostname="DESKTOP-2BSC6FJ" failures="0" tests="1" name="Testcases.Testcase_1" time="5.846" errors="0" timestamp="2023-09-09T14:23:17 IST" skipped="0">
  <testcase classname="Testcases.Testcase_1" name="signup" time="5.846"/>
</testsuite> <!-- Testcases.Testcase_1 -->
