<?xml version="1.0" encoding="UTF-8"?>
<!-- Generated by org.testng.reporters.JUnitReportReporter -->
<testsuite hostname="DESKTOP-2BSC6FJ" failures="0" tests="1" name="com.simplilearn.TestingAirlinesTravelApplication.Homepage" time="5.438" errors="0" timestamp="2023-09-07T12:21:11 IST" skipped="0">
  <testcase classname="com.simplilearn.TestingAirlinesTravelApplication.Homepage" name="homepage" time="5.438"/>
</testsuite> <!-- com.simplilearn.TestingAirlinesTravelApplication.Homepage -->
