<?xml version="1.0" encoding="UTF-8"?>
<!-- Generated by org.testng.reporters.JUnitReportReporter -->
<testsuite hostname="DESKTOP-2BSC6FJ" failures="0" tests="1" name="Testcases.Testcase_3" time="5.547" errors="0" timestamp="2023-09-07T15:05:17 IST" skipped="0">
  <testcase classname="Testcases.Testcase_3" name="signup" time="5.547"/>
</testsuite> <!-- Testcases.Testcase_3 -->
