<?xml version="1.0" encoding="UTF-8"?>
<!-- Generated by org.testng.reporters.JUnitReportReporter -->
<testsuite hostname="DESKTOP-2BSC6FJ" failures="0" tests="1" name="Testcases.Testcase_4" time="10.599" errors="0" timestamp="2023-09-07T17:43:19 IST" skipped="0">
  <testcase classname="Testcases.Testcase_4" name="signup" time="10.599"/>
</testsuite> <!-- Testcases.Testcase_4 -->
