<?xml version="1.0" encoding="UTF-8"?>
<!-- Generated by org.testng.reporters.JUnitReportReporter -->
<testsuite hostname="DESKTOP-2BSC6FJ" failures="0" tests="1" name="Testcases.Testcase_1" time="6.285" errors="0" timestamp="2023-09-07T15:00:58 IST" skipped="0">
  <testcase classname="Testcases.Testcase_1" name="signup" time="6.285"/>
</testsuite> <!-- Testcases.Testcase_1 -->
