<?xml version="1.0" encoding="UTF-8"?>
<!-- Generated by org.testng.reporters.JUnitReportReporter -->
<testsuite hostname="DESKTOP-2BSC6FJ" failures="0" tests="1" name="com.simplilearn.TestingAirlinesTravelApplication.Bookings" time="6.866" errors="0" timestamp="2023-09-07T12:25:16 IST" skipped="0">
  <testcase classname="com.simplilearn.TestingAirlinesTravelApplication.Bookings" name="homepage" time="6.866"/>
</testsuite> <!-- com.simplilearn.TestingAirlinesTravelApplication.Bookings -->
